[04/07/2019 02:46] DEBUG InstantCommands: Cog successfully loaded on the instance.
[04/07/2019 06:35] DEBUG InstantCommands: Cog successfully loaded on the instance.
[04/07/2019 20:46] DEBUG InstantCommands: Cog successfully loaded on the instance.
[13/07/2019 22:24] DEBUG InstantCommands: Cog successfully loaded on the instance.
[13/07/2019 22:29] DEBUG InstantCommands: Unloading cog...
[13/07/2019 22:32] DEBUG InstantCommands: Cog successfully loaded on the instance.
[14/07/2019 09:04] DEBUG InstantCommands: Cog successfully loaded on the instance.
[14/07/2019 09:07] DEBUG InstantCommands: Unloading cog...
[14/07/2019 09:07] DEBUG InstantCommands: Cog successfully loaded on the instance.
[15/07/2019 03:04] DEBUG InstantCommands: Unloading cog...
[15/07/2019 03:08] DEBUG InstantCommands: Cog successfully loaded on the instance.
[15/07/2019 05:40] DEBUG InstantCommands: Unloading cog...
[15/07/2019 05:41] DEBUG InstantCommands: Cog successfully loaded on the instance.
[15/07/2019 07:14] DEBUG InstantCommands: Unloading cog...
[15/07/2019 07:14] DEBUG InstantCommands: Cog successfully loaded on the instance.
[21/07/2019 15:05] DEBUG InstantCommands: Unloading cog...
[21/07/2019 15:05] DEBUG InstantCommands: Cog successfully loaded on the instance.
[24/07/2019 21:39] DEBUG InstantCommands: Unloading cog...
[24/07/2019 21:41] DEBUG InstantCommands: Cog successfully loaded on the instance.
[24/07/2019 21:41] DEBUG InstantCommands: Unloading cog...
[24/07/2019 21:42] DEBUG InstantCommands: Cog successfully loaded on the instance.
[24/07/2019 23:02] DEBUG InstantCommands: Cog successfully loaded on the instance.
[24/07/2019 23:06] DEBUG InstantCommands: Unloading cog...
[24/07/2019 23:06] DEBUG InstantCommands: Unloading cog...
[24/07/2019 23:06] DEBUG InstantCommands: Cog successfully loaded on the instance.
[26/07/2019 16:32] DEBUG InstantCommands: Unloading cog...
[26/07/2019 16:53] DEBUG InstantCommands: Cog successfully loaded on the instance.
[28/07/2019 16:00] DEBUG InstantCommands: Unloading cog...
[28/07/2019 16:00] DEBUG InstantCommands: Cog successfully loaded on the instance.
[31/07/2019 11:26] DEBUG InstantCommands: Cog successfully loaded on the instance.
[31/07/2019 11:26] DEBUG InstantCommands: Unloading cog...
[31/07/2019 11:26] DEBUG InstantCommands: Unloading cog...
[31/07/2019 11:27] DEBUG InstantCommands: Cog successfully loaded on the instance.
[09/08/2019 22:14] DEBUG InstantCommands: Unloading cog...
[09/08/2019 22:17] DEBUG InstantCommands: Cog successfully loaded on the instance.
[09/08/2019 22:27] DEBUG InstantCommands: Unloading cog...
[02/09/2019 12:00] DEBUG InstantCommands: Cog successfully loaded on the instance.
[02/09/2019 12:23] DEBUG InstantCommands: Unloading cog...
[29/09/2019 05:51] DEBUG InstantCommands: Cog successfully loaded on the instance.
[03/10/2019 11:28] DEBUG InstantCommands: Unloading cog...
[03/10/2019 11:28] DEBUG InstantCommands: Removed command test due to cog unload.
[03/10/2019 11:28] DEBUG InstantCommands: Removed command etesties due to cog unload.
[03/10/2019 11:28] DEBUG InstantCommands: Removed command etesties2 due to cog unload.
[03/10/2019 11:28] DEBUG InstantCommands: Removed listener on_message due to cog unload.
[03/10/2019 11:28] DEBUG InstantCommands: Removed listener on_reaction_add due to cog unload.
