2019-10-03 15:36:29.160  INFO 28511 --- [main] lavalink.server.Launcher                 : 

[32m       .  [31m _                  _ _       _    [32m__ _ _
[32m      /\\ [31m| | __ ___   ____ _| (_)_ __ | | __[32m\ \ \ \
[32m     ( ( )[31m| |/ _` \ \ / / _` | | | '_ \| |/ /[32m \ \ \ \
[32m      \\/ [31m| | (_| |\ V / (_| | | | | | |   < [32m  ) ) ) )
[32m       '  [31m|_|\__,_| \_/ \__,_|_|_|_| |_|_|\_\[32m / / / /
[0m    =========================================[32m/_/_/_/[0m

	Version:        3.2.1
	Build:          823
	Build time:     30.07.2019 03:50:59 CEST
	Branch          remove-oshiXstatsfix
	Commit:         2f17e97
	Commit time:    30.07.2019 03:38:58 CEST
	JVM:            11.0.3
	Lavaplayer      1.3.19

2019-10-03 15:36:29.666  WARN 28511 --- [background-preinit] o.s.h.c.j.Jackson2ObjectMapperBuilder    : For Jackson Kotlin classes support please add "com.fasterxml.jackson.module:jackson-module-kotlin" to the classpath
2019-10-03 15:36:29.684  INFO 28511 --- [main] lavalink.server.Launcher                 : Starting Launcher on skybot with PID 28511 (/root/.local/share/Red-DiscordBot/cogs/Audio/Lavalink.jar started by root in /root/.local/share/Red-DiscordBot/cogs/Audio)
2019-10-03 15:36:29.691  INFO 28511 --- [main] lavalink.server.Launcher                 : No active profile set, falling back to default profiles: default
2019-10-03 15:36:29.812  INFO 28511 --- [main] ConfigServletWebServerApplicationContext : Refreshing org.springframework.boot.web.servlet.context.AnnotationConfigServletWebServerApplicationContext@58134517: startup date [Thu Oct 03 15:36:29 UTC 2019]; root of context hierarchy
2019-10-03 15:36:32.553  WARN 28511 --- [main] ConfigServletWebServerApplicationContext : Exception encountered during context initialization - cancelling refresh attempt: org.springframework.context.ApplicationContextException: Unable to start web server; nested exception is org.springframework.boot.web.server.WebServerException: Unable to create tempDir. java.io.tmpdir is set to /tmp
2019-10-03 15:36:32.591 ERROR 28511 --- [main] lavalink.server.Launcher                 : Application failed

org.springframework.context.ApplicationContextException: Unable to start web server; nested exception is org.springframework.boot.web.server.WebServerException: Unable to create tempDir. java.io.tmpdir is set to /tmp
	at org.springframework.boot.web.servlet.context.ServletWebServerApplicationContext.onRefresh(ServletWebServerApplicationContext.java:155) ~[spring-boot-2.0.4.RELEASE.jar!/:2.0.4.RELEASE]
	at org.springframework.context.support.AbstractApplicationContext.refresh(AbstractApplicationContext.java:544) ~[spring-context-5.0.8.RELEASE.jar!/:5.0.8.RELEASE]
	at org.springframework.boot.web.servlet.context.ServletWebServerApplicationContext.refresh(ServletWebServerApplicationContext.java:140) ~[spring-boot-2.0.4.RELEASE.jar!/:2.0.4.RELEASE]
	at org.springframework.boot.SpringApplication.refresh(SpringApplication.java:762) ~[spring-boot-2.0.4.RELEASE.jar!/:2.0.4.RELEASE]
	at org.springframework.boot.SpringApplication.refreshContext(SpringApplication.java:398) ~[spring-boot-2.0.4.RELEASE.jar!/:2.0.4.RELEASE]
	at org.springframework.boot.SpringApplication.run(SpringApplication.java:330) ~[spring-boot-2.0.4.RELEASE.jar!/:2.0.4.RELEASE]
	at lavalink.server.Launcher.main(Launcher.java:72) ~[classes!/:na]
	at java.base/jdk.internal.reflect.NativeMethodAccessorImpl.invoke0(Native Method) ~[na:na]
	at java.base/jdk.internal.reflect.NativeMethodAccessorImpl.invoke(NativeMethodAccessorImpl.java:62) ~[na:na]
	at java.base/jdk.internal.reflect.DelegatingMethodAccessorImpl.invoke(DelegatingMethodAccessorImpl.java:43) ~[na:na]
	at java.base/java.lang.reflect.Method.invoke(Method.java:566) ~[na:na]
	at org.springframework.boot.loader.MainMethodRunner.run(MainMethodRunner.java:48) ~[Lavalink.jar:na]
	at org.springframework.boot.loader.Launcher.launch(Launcher.java:87) ~[Lavalink.jar:na]
	at org.springframework.boot.loader.Launcher.launch(Launcher.java:50) ~[Lavalink.jar:na]
	at org.springframework.boot.loader.JarLauncher.main(JarLauncher.java:51) ~[Lavalink.jar:na]
Caused by: org.springframework.boot.web.server.WebServerException: Unable to create tempDir. java.io.tmpdir is set to /tmp
	at org.springframework.boot.web.server.AbstractConfigurableWebServerFactory.createTempDir(AbstractConfigurableWebServerFactory.java:182) ~[spring-boot-2.0.4.RELEASE.jar!/:2.0.4.RELEASE]
	at org.springframework.boot.web.embedded.undertow.UndertowServletWebServerFactory.getCanonicalDocumentRoot(UndertowServletWebServerFactory.java:402) ~[spring-boot-2.0.4.RELEASE.jar!/:2.0.4.RELEASE]
	at org.springframework.boot.web.embedded.undertow.UndertowServletWebServerFactory.getDocumentRootResourceManager(UndertowServletWebServerFactory.java:366) ~[spring-boot-2.0.4.RELEASE.jar!/:2.0.4.RELEASE]
	at org.springframework.boot.web.embedded.undertow.UndertowServletWebServerFactory.createDeploymentManager(UndertowServletWebServerFactory.java:269) ~[spring-boot-2.0.4.RELEASE.jar!/:2.0.4.RELEASE]
	at org.springframework.boot.web.embedded.undertow.UndertowServletWebServerFactory.getWebServer(UndertowServletWebServerFactory.java:208) ~[spring-boot-2.0.4.RELEASE.jar!/:2.0.4.RELEASE]
	at org.springframework.boot.web.servlet.context.ServletWebServerApplicationContext.createWebServer(ServletWebServerApplicationContext.java:179) ~[spring-boot-2.0.4.RELEASE.jar!/:2.0.4.RELEASE]
	at org.springframework.boot.web.servlet.context.ServletWebServerApplicationContext.onRefresh(ServletWebServerApplicationContext.java:152) ~[spring-boot-2.0.4.RELEASE.jar!/:2.0.4.RELEASE]
	... 14 common frames omitted
Caused by: java.io.IOException: No such file or directory
	at java.base/java.io.UnixFileSystem.createFileExclusively(Native Method) ~[na:na]
	at java.base/java.io.File.createTempFile(File.java:2090) ~[na:na]
	at java.base/java.io.File.createTempFile(File.java:2136) ~[na:na]
	at org.springframework.boot.web.server.AbstractConfigurableWebServerFactory.createTempDir(AbstractConfigurableWebServerFactory.java:173) ~[spring-boot-2.0.4.RELEASE.jar!/:2.0.4.RELEASE]
	... 20 common frames omitted

2019-10-03 15:36:32.600  INFO 28511 --- [main] ConditionEvaluationReportLoggingListener : 

Error starting ApplicationContext. To display the conditions report re-run your application with 'debug' enabled.
2019-10-03 15:36:32.609 ERROR 28511 --- [main] o.s.boot.SpringApplication               : Application run failed

org.springframework.context.ApplicationContextException: Unable to start web server; nested exception is org.springframework.boot.web.server.WebServerException: Unable to create tempDir. java.io.tmpdir is set to /tmp
	at org.springframework.boot.web.servlet.context.ServletWebServerApplicationContext.onRefresh(ServletWebServerApplicationContext.java:155) ~[spring-boot-2.0.4.RELEASE.jar!/:2.0.4.RELEASE]
	at org.springframework.context.support.AbstractApplicationContext.refresh(AbstractApplicationContext.java:544) ~[spring-context-5.0.8.RELEASE.jar!/:5.0.8.RELEASE]
	at org.springframework.boot.web.servlet.context.ServletWebServerApplicationContext.refresh(ServletWebServerApplicationContext.java:140) ~[spring-boot-2.0.4.RELEASE.jar!/:2.0.4.RELEASE]
	at org.springframework.boot.SpringApplication.refresh(SpringApplication.java:762) ~[spring-boot-2.0.4.RELEASE.jar!/:2.0.4.RELEASE]
	at org.springframework.boot.SpringApplication.refreshContext(SpringApplication.java:398) ~[spring-boot-2.0.4.RELEASE.jar!/:2.0.4.RELEASE]
	at org.springframework.boot.SpringApplication.run(SpringApplication.java:330) ~[spring-boot-2.0.4.RELEASE.jar!/:2.0.4.RELEASE]
	at lavalink.server.Launcher.main(Launcher.java:72) ~[classes!/:na]
	at java.base/jdk.internal.reflect.NativeMethodAccessorImpl.invoke0(Native Method) ~[na:na]
	at java.base/jdk.internal.reflect.NativeMethodAccessorImpl.invoke(NativeMethodAccessorImpl.java:62) ~[na:na]
	at java.base/jdk.internal.reflect.DelegatingMethodAccessorImpl.invoke(DelegatingMethodAccessorImpl.java:43) ~[na:na]
	at java.base/java.lang.reflect.Method.invoke(Method.java:566) ~[na:na]
	at org.springframework.boot.loader.MainMethodRunner.run(MainMethodRunner.java:48) ~[Lavalink.jar:na]
	at org.springframework.boot.loader.Launcher.launch(Launcher.java:87) ~[Lavalink.jar:na]
	at org.springframework.boot.loader.Launcher.launch(Launcher.java:50) ~[Lavalink.jar:na]
	at org.springframework.boot.loader.JarLauncher.main(JarLauncher.java:51) ~[Lavalink.jar:na]
Caused by: org.springframework.boot.web.server.WebServerException: Unable to create tempDir. java.io.tmpdir is set to /tmp
	at org.springframework.boot.web.server.AbstractConfigurableWebServerFactory.createTempDir(AbstractConfigurableWebServerFactory.java:182) ~[spring-boot-2.0.4.RELEASE.jar!/:2.0.4.RELEASE]
	at org.springframework.boot.web.embedded.undertow.UndertowServletWebServerFactory.getCanonicalDocumentRoot(UndertowServletWebServerFactory.java:402) ~[spring-boot-2.0.4.RELEASE.jar!/:2.0.4.RELEASE]
	at org.springframework.boot.web.embedded.undertow.UndertowServletWebServerFactory.getDocumentRootResourceManager(UndertowServletWebServerFactory.java:366) ~[spring-boot-2.0.4.RELEASE.jar!/:2.0.4.RELEASE]
	at org.springframework.boot.web.embedded.undertow.UndertowServletWebServerFactory.createDeploymentManager(UndertowServletWebServerFactory.java:269) ~[spring-boot-2.0.4.RELEASE.jar!/:2.0.4.RELEASE]
	at org.springframework.boot.web.embedded.undertow.UndertowServletWebServerFactory.getWebServer(UndertowServletWebServerFactory.java:208) ~[spring-boot-2.0.4.RELEASE.jar!/:2.0.4.RELEASE]
	at org.springframework.boot.web.servlet.context.ServletWebServerApplicationContext.createWebServer(ServletWebServerApplicationContext.java:179) ~[spring-boot-2.0.4.RELEASE.jar!/:2.0.4.RELEASE]
	at org.springframework.boot.web.servlet.context.ServletWebServerApplicationContext.onRefresh(ServletWebServerApplicationContext.java:152) ~[spring-boot-2.0.4.RELEASE.jar!/:2.0.4.RELEASE]
	... 14 common frames omitted
Caused by: java.io.IOException: No such file or directory
	at java.base/java.io.UnixFileSystem.createFileExclusively(Native Method) ~[na:na]
	at java.base/java.io.File.createTempFile(File.java:2090) ~[na:na]
	at java.base/java.io.File.createTempFile(File.java:2136) ~[na:na]
	at org.springframework.boot.web.server.AbstractConfigurableWebServerFactory.createTempDir(AbstractConfigurableWebServerFactory.java:173) ~[spring-boot-2.0.4.RELEASE.jar!/:2.0.4.RELEASE]
	... 20 common frames omitted

2019-10-03 15:44:41.633  INFO 29282 --- [main] lavalink.server.Launcher                 : 

[32m       .  [31m _                  _ _       _    [32m__ _ _
[32m      /\\ [31m| | __ ___   ____ _| (_)_ __ | | __[32m\ \ \ \
[32m     ( ( )[31m| |/ _` \ \ / / _` | | | '_ \| |/ /[32m \ \ \ \
[32m      \\/ [31m| | (_| |\ V / (_| | | | | | |   < [32m  ) ) ) )
[32m       '  [31m|_|\__,_| \_/ \__,_|_|_|_| |_|_|\_\[32m / / / /
[0m    =========================================[32m/_/_/_/[0m

	Version:        3.2.1
	Build:          823
	Build time:     30.07.2019 03:50:59 CEST
	Branch          remove-oshiXstatsfix
	Commit:         2f17e97
	Commit time:    30.07.2019 03:38:58 CEST
	JVM:            11.0.3
	Lavaplayer      1.3.19

2019-10-03 15:44:42.060  INFO 29282 --- [main] lavalink.server.Launcher                 : Starting Launcher on skybot with PID 29282 (/root/.local/share/Red-DiscordBot/cogs/Audio/Lavalink.jar started by root in /root/.local/share/Red-DiscordBot/cogs/Audio)
2019-10-03 15:44:42.072  INFO 29282 --- [main] lavalink.server.Launcher                 : No active profile set, falling back to default profiles: default
2019-10-03 15:44:42.179  WARN 29282 --- [background-preinit] o.s.h.c.j.Jackson2ObjectMapperBuilder    : For Jackson Kotlin classes support please add "com.fasterxml.jackson.module:jackson-module-kotlin" to the classpath
2019-10-03 15:44:42.200  INFO 29282 --- [main] ConfigServletWebServerApplicationContext : Refreshing org.springframework.boot.web.servlet.context.AnnotationConfigServletWebServerApplicationContext@7bc1a03d: startup date [Thu Oct 03 15:44:42 UTC 2019]; root of context hierarchy
2019-10-03 15:44:45.512  WARN 29282 --- [main] ConfigServletWebServerApplicationContext : Exception encountered during context initialization - cancelling refresh attempt: org.springframework.context.ApplicationContextException: Unable to start web server; nested exception is org.springframework.boot.web.server.WebServerException: Unable to create tempDir. java.io.tmpdir is set to /tmp
2019-10-03 15:44:45.526 ERROR 29282 --- [main] lavalink.server.Launcher                 : Application failed

org.springframework.context.ApplicationContextException: Unable to start web server; nested exception is org.springframework.boot.web.server.WebServerException: Unable to create tempDir. java.io.tmpdir is set to /tmp
	at org.springframework.boot.web.servlet.context.ServletWebServerApplicationContext.onRefresh(ServletWebServerApplicationContext.java:155) ~[spring-boot-2.0.4.RELEASE.jar!/:2.0.4.RELEASE]
	at org.springframework.context.support.AbstractApplicationContext.refresh(AbstractApplicationContext.java:544) ~[spring-context-5.0.8.RELEASE.jar!/:5.0.8.RELEASE]
	at org.springframework.boot.web.servlet.context.ServletWebServerApplicationContext.refresh(ServletWebServerApplicationContext.java:140) ~[spring-boot-2.0.4.RELEASE.jar!/:2.0.4.RELEASE]
	at org.springframework.boot.SpringApplication.refresh(SpringApplication.java:762) ~[spring-boot-2.0.4.RELEASE.jar!/:2.0.4.RELEASE]
	at org.springframework.boot.SpringApplication.refreshContext(SpringApplication.java:398) ~[spring-boot-2.0.4.RELEASE.jar!/:2.0.4.RELEASE]
	at org.springframework.boot.SpringApplication.run(SpringApplication.java:330) ~[spring-boot-2.0.4.RELEASE.jar!/:2.0.4.RELEASE]
	at lavalink.server.Launcher.main(Launcher.java:72) ~[classes!/:na]
	at java.base/jdk.internal.reflect.NativeMethodAccessorImpl.invoke0(Native Method) ~[na:na]
	at java.base/jdk.internal.reflect.NativeMethodAccessorImpl.invoke(NativeMethodAccessorImpl.java:62) ~[na:na]
	at java.base/jdk.internal.reflect.DelegatingMethodAccessorImpl.invoke(DelegatingMethodAccessorImpl.java:43) ~[na:na]
	at java.base/java.lang.reflect.Method.invoke(Method.java:566) ~[na:na]
	at org.springframework.boot.loader.MainMethodRunner.run(MainMethodRunner.java:48) ~[Lavalink.jar:na]
	at org.springframework.boot.loader.Launcher.launch(Launcher.java:87) ~[Lavalink.jar:na]
	at org.springframework.boot.loader.Launcher.launch(Launcher.java:50) ~[Lavalink.jar:na]
	at org.springframework.boot.loader.JarLauncher.main(JarLauncher.java:51) ~[Lavalink.jar:na]
Caused by: org.springframework.boot.web.server.WebServerException: Unable to create tempDir. java.io.tmpdir is set to /tmp
	at org.springframework.boot.web.server.AbstractConfigurableWebServerFactory.createTempDir(AbstractConfigurableWebServerFactory.java:182) ~[spring-boot-2.0.4.RELEASE.jar!/:2.0.4.RELEASE]
	at org.springframework.boot.web.embedded.undertow.UndertowServletWebServerFactory.getCanonicalDocumentRoot(UndertowServletWebServerFactory.java:402) ~[spring-boot-2.0.4.RELEASE.jar!/:2.0.4.RELEASE]
	at org.springframework.boot.web.embedded.undertow.UndertowServletWebServerFactory.getDocumentRootResourceManager(UndertowServletWebServerFactory.java:366) ~[spring-boot-2.0.4.RELEASE.jar!/:2.0.4.RELEASE]
	at org.springframework.boot.web.embedded.undertow.UndertowServletWebServerFactory.createDeploymentManager(UndertowServletWebServerFactory.java:269) ~[spring-boot-2.0.4.RELEASE.jar!/:2.0.4.RELEASE]
	at org.springframework.boot.web.embedded.undertow.UndertowServletWebServerFactory.getWebServer(UndertowServletWebServerFactory.java:208) ~[spring-boot-2.0.4.RELEASE.jar!/:2.0.4.RELEASE]
	at org.springframework.boot.web.servlet.context.ServletWebServerApplicationContext.createWebServer(ServletWebServerApplicationContext.java:179) ~[spring-boot-2.0.4.RELEASE.jar!/:2.0.4.RELEASE]
	at org.springframework.boot.web.servlet.context.ServletWebServerApplicationContext.onRefresh(ServletWebServerApplicationContext.java:152) ~[spring-boot-2.0.4.RELEASE.jar!/:2.0.4.RELEASE]
	... 14 common frames omitted
Caused by: java.io.IOException: No such file or directory
	at java.base/java.io.UnixFileSystem.createFileExclusively(Native Method) ~[na:na]
	at java.base/java.io.File.createTempFile(File.java:2090) ~[na:na]
	at java.base/java.io.File.createTempFile(File.java:2136) ~[na:na]
	at org.springframework.boot.web.server.AbstractConfigurableWebServerFactory.createTempDir(AbstractConfigurableWebServerFactory.java:173) ~[spring-boot-2.0.4.RELEASE.jar!/:2.0.4.RELEASE]
	... 20 common frames omitted

2019-10-03 15:44:45.533  INFO 29282 --- [main] ConditionEvaluationReportLoggingListener : 

Error starting ApplicationContext. To display the conditions report re-run your application with 'debug' enabled.
2019-10-03 15:44:45.536 ERROR 29282 --- [main] o.s.boot.SpringApplication               : Application run failed

org.springframework.context.ApplicationContextException: Unable to start web server; nested exception is org.springframework.boot.web.server.WebServerException: Unable to create tempDir. java.io.tmpdir is set to /tmp
	at org.springframework.boot.web.servlet.context.ServletWebServerApplicationContext.onRefresh(ServletWebServerApplicationContext.java:155) ~[spring-boot-2.0.4.RELEASE.jar!/:2.0.4.RELEASE]
	at org.springframework.context.support.AbstractApplicationContext.refresh(AbstractApplicationContext.java:544) ~[spring-context-5.0.8.RELEASE.jar!/:5.0.8.RELEASE]
	at org.springframework.boot.web.servlet.context.ServletWebServerApplicationContext.refresh(ServletWebServerApplicationContext.java:140) ~[spring-boot-2.0.4.RELEASE.jar!/:2.0.4.RELEASE]
	at org.springframework.boot.SpringApplication.refresh(SpringApplication.java:762) ~[spring-boot-2.0.4.RELEASE.jar!/:2.0.4.RELEASE]
	at org.springframework.boot.SpringApplication.refreshContext(SpringApplication.java:398) ~[spring-boot-2.0.4.RELEASE.jar!/:2.0.4.RELEASE]
	at org.springframework.boot.SpringApplication.run(SpringApplication.java:330) ~[spring-boot-2.0.4.RELEASE.jar!/:2.0.4.RELEASE]
	at lavalink.server.Launcher.main(Launcher.java:72) ~[classes!/:na]
	at java.base/jdk.internal.reflect.NativeMethodAccessorImpl.invoke0(Native Method) ~[na:na]
	at java.base/jdk.internal.reflect.NativeMethodAccessorImpl.invoke(NativeMethodAccessorImpl.java:62) ~[na:na]
	at java.base/jdk.internal.reflect.DelegatingMethodAccessorImpl.invoke(DelegatingMethodAccessorImpl.java:43) ~[na:na]
	at java.base/java.lang.reflect.Method.invoke(Method.java:566) ~[na:na]
	at org.springframework.boot.loader.MainMethodRunner.run(MainMethodRunner.java:48) ~[Lavalink.jar:na]
	at org.springframework.boot.loader.Launcher.launch(Launcher.java:87) ~[Lavalink.jar:na]
	at org.springframework.boot.loader.Launcher.launch(Launcher.java:50) ~[Lavalink.jar:na]
	at org.springframework.boot.loader.JarLauncher.main(JarLauncher.java:51) ~[Lavalink.jar:na]
Caused by: org.springframework.boot.web.server.WebServerException: Unable to create tempDir. java.io.tmpdir is set to /tmp
	at org.springframework.boot.web.server.AbstractConfigurableWebServerFactory.createTempDir(AbstractConfigurableWebServerFactory.java:182) ~[spring-boot-2.0.4.RELEASE.jar!/:2.0.4.RELEASE]
	at org.springframework.boot.web.embedded.undertow.UndertowServletWebServerFactory.getCanonicalDocumentRoot(UndertowServletWebServerFactory.java:402) ~[spring-boot-2.0.4.RELEASE.jar!/:2.0.4.RELEASE]
	at org.springframework.boot.web.embedded.undertow.UndertowServletWebServerFactory.getDocumentRootResourceManager(UndertowServletWebServerFactory.java:366) ~[spring-boot-2.0.4.RELEASE.jar!/:2.0.4.RELEASE]
	at org.springframework.boot.web.embedded.undertow.UndertowServletWebServerFactory.createDeploymentManager(UndertowServletWebServerFactory.java:269) ~[spring-boot-2.0.4.RELEASE.jar!/:2.0.4.RELEASE]
	at org.springframework.boot.web.embedded.undertow.UndertowServletWebServerFactory.getWebServer(UndertowServletWebServerFactory.java:208) ~[spring-boot-2.0.4.RELEASE.jar!/:2.0.4.RELEASE]
	at org.springframework.boot.web.servlet.context.ServletWebServerApplicationContext.createWebServer(ServletWebServerApplicationContext.java:179) ~[spring-boot-2.0.4.RELEASE.jar!/:2.0.4.RELEASE]
	at org.springframework.boot.web.servlet.context.ServletWebServerApplicationContext.onRefresh(ServletWebServerApplicationContext.java:152) ~[spring-boot-2.0.4.RELEASE.jar!/:2.0.4.RELEASE]
	... 14 common frames omitted
Caused by: java.io.IOException: No such file or directory
	at java.base/java.io.UnixFileSystem.createFileExclusively(Native Method) ~[na:na]
	at java.base/java.io.File.createTempFile(File.java:2090) ~[na:na]
	at java.base/java.io.File.createTempFile(File.java:2136) ~[na:na]
	at org.springframework.boot.web.server.AbstractConfigurableWebServerFactory.createTempDir(AbstractConfigurableWebServerFactory.java:173) ~[spring-boot-2.0.4.RELEASE.jar!/:2.0.4.RELEASE]
	... 20 common frames omitted

